     [echo] Build logged to build_${timestamp}.log
init:  duration 0 seconds

clean:
   [delete] Deleting directory D:\Projects\Ecafe-Automation\build
   [delete] Deleting D:\Projects\Ecafe-Automation\build\eCafe_Config\Basedriver.class
   [delete] Deleting D:\Projects\Ecafe-Automation\build\eCafe_Config\ReusableMethods.class
   [delete] Deleting D:\Projects\Ecafe-Automation\build\eCafe_Config\Trigger.class
   [delete] Deleting directory D:\Projects\Ecafe-Automation\build\eCafe_Config
   [delete] Deleting D:\Projects\Ecafe-Automation\build\eCafe_DDF\ExcelLib.class
   [delete] Deleting D:\Projects\Ecafe-Automation\build\eCafe_DDF\XmlUtil.class
   [delete] Deleting directory D:\Projects\Ecafe-Automation\build\eCafe_DDF
   [delete] Deleting D:\Projects\Ecafe-Automation\build\eCafe_Objects\ObjDashBoard.class
   [delete] Deleting D:\Projects\Ecafe-Automation\build\eCafe_Objects\ObjLoginPage.class
   [delete] Deleting D:\Projects\Ecafe-Automation\build\eCafe_Objects\ObjLogoutPage.class
   [delete] Deleting directory D:\Projects\Ecafe-Automation\build\eCafe_Objects
   [delete] Deleting D:\Projects\Ecafe-Automation\build\eCafe_Operations\OprDashBoard.class
   [delete] Deleting D:\Projects\Ecafe-Automation\build\eCafe_Operations\OprLoginPage.class
   [delete] Deleting D:\Projects\Ecafe-Automation\build\eCafe_Operations\OprLogoutPage.class
   [delete] Deleting directory D:\Projects\Ecafe-Automation\build\eCafe_Operations
   [delete] Deleting D:\Projects\Ecafe-Automation\build\ecafe_TestCases\ECafe_LoginTests.class
   [delete] Deleting directory D:\Projects\Ecafe-Automation\build\ecafe_TestCases
   [delete] Deleting directory D:\Projects\Ecafe-Automation\build
clean:  duration 0 seconds

compile:
   [delete] Directory does not exist: D:\Projects\Ecafe-Automation\build
     [echo] making directory...
    [mkdir] Created dir: D:\Projects\Ecafe-Automation\build
     [echo] classpath------: D:\Projects\Ecafe-Automation\src\lib_Files\SaxonLiaison.jar:D:\Projects\Ecafe-Automation\src\lib_Files\activation.jar:D:\Projects\Ecafe-Automation\src\lib_Files\ant-apache-log4j.jar:D:\Projects\Ecafe-Automation\src\lib_Files\ant-javamail-1.9.4.jar:D:\Projects\Ecafe-Automation\src\lib_Files\apache-mime4j-0.6.jar:D:\Projects\Ecafe-Automation\src\lib_Files\bsh-1.3.0.jar:D:\Projects\Ecafe-Automation\src\lib_Files\bsh-2.0b4.jar:D:\Projects\Ecafe-Automation\src\lib_Files\cglib-nodep-2.1_3.jar:D:\Projects\Ecafe-Automation\src\lib_Files\commons-codec-1.10.jar:D:\Projects\Ecafe-Automation\src\lib_Files\commons-collections-3.2.1.jar:D:\Projects\Ecafe-Automation\src\lib_Files\commons-el-1.0.jar:D:\Projects\Ecafe-Automation\src\lib_Files\commons-exec-1.3.jar:D:\Projects\Ecafe-Automation\src\lib_Files\commons-io-2.4.jar:D:\Projects\Ecafe-Automation\src\lib_Files\commons-lang3-3.4.jar:D:\Projects\Ecafe-Automation\src\lib_Files\commons-logging-1.1.3.jar:D:\Projects\Ecafe-Automation\src\lib_Files\commons-logging-1.2.jar:D:\Projects\Ecafe-Automation\src\lib_Files\cssparser-0.9.16.jar:D:\Projects\Ecafe-Automation\src\lib_Files\gson-2.3.1.jar:D:\Projects\Ecafe-Automation\src\lib_Files\guava-18.0.jar:D:\Projects\Ecafe-Automation\src\lib_Files\hamcrest-core-1.3.jar:D:\Projects\Ecafe-Automation\src\lib_Files\hamcrest-library-1.3.jar:D:\Projects\Ecafe-Automation\src\lib_Files\htmlunit-2.17.jar:D:\Projects\Ecafe-Automation\src\lib_Files\htmlunit-2.18.jar:D:\Projects\Ecafe-Automation\src\lib_Files\htmlunit-core-js-2.17.jar:D:\Projects\Ecafe-Automation\src\lib_Files\httpclient-4.4.1.jar:D:\Projects\Ecafe-Automation\src\lib_Files\httpclient-4.5.1.jar:D:\Projects\Ecafe-Automation\src\lib_Files\httpcore-4.4.1.jar:D:\Projects\Ecafe-Automation\src\lib_Files\httpcore-4.4.3.jar:D:\Projects\Ecafe-Automation\src\lib_Files\httpmime-4.4.1.jar:D:\Projects\Ecafe-Automation\src\lib_Files\httpmime-4.5.jar:D:\Projects\Ecafe-Automation\src\lib_Files\jasper-compiler-5.5.15.jar:D:\Projects\Ecafe-Automation\src\lib_Files\jasper-compiler-jdt-5.5.15.jar:D:\Projects\Ecafe-Automation\src\lib_Files\jasper-runtime-5.5.15.jar:D:\Projects\Ecafe-Automation\src\lib_Files\javax.mail-1.4.4.jar:D:\Projects\Ecafe-Automation\src\lib_Files\javax.servlet-api-3.1.0.jar:D:\Projects\Ecafe-Automation\src\lib_Files\jcommander-1.29.jar:D:\Projects\Ecafe-Automation\src\lib_Files\jcommander-1.48.jar:D:\Projects\Ecafe-Automation\src\lib_Files\jetty-continuation-9.2.13.v20150730.jar:D:\Projects\Ecafe-Automation\src\lib_Files\jetty-http-9.2.13.v20150730.jar:D:\Projects\Ecafe-Automation\src\lib_Files\jetty-io-9.2.11.v20150529.jar:D:\Projects\Ecafe-Automation\src\lib_Files\jetty-io-9.2.13.v20150730.jar:D:\Projects\Ecafe-Automation\src\lib_Files\jetty-jmx-9.2.13.v20150730.jar:D:\Projects\Ecafe-Automation\src\lib_Files\jetty-security-9.2.13.v20150730.jar:D:\Projects\Ecafe-Automation\src\lib_Files\jetty-server-9.2.13.v20150730.jar:D:\Projects\Ecafe-Automation\src\lib_Files\jetty-servlet-9.2.13.v20150730.jar:D:\Projects\Ecafe-Automation\src\lib_Files\jetty-servlets-9.2.13.v20150730.jar:D:\Projects\Ecafe-Automation\src\lib_Files\jetty-util-9.2.11.v20150529.jar:D:\Projects\Ecafe-Automation\src\lib_Files\jetty-util-9.2.13.v20150730.jar:D:\Projects\Ecafe-Automation\src\lib_Files\jna-4.1.0.jar:D:\Projects\Ecafe-Automation\src\lib_Files\jna-platform-4.1.0.jar:D:\Projects\Ecafe-Automation\src\lib_Files\jsp-api-2.0.jar:D:\Projects\Ecafe-Automation\src\lib_Files\junit-4.12.jar:D:\Projects\Ecafe-Automation\src\lib_Files\junit-dep-4.11.jar:D:\Projects\Ecafe-Automation\src\lib_Files\jxl-2.6.12.jar:D:\Projects\Ecafe-Automation\src\lib_Files\log4j-1.2.17.jar:D:\Projects\Ecafe-Automation\src\lib_Files\mail.jar:D:\Projects\Ecafe-Automation\src\lib_Files\nekohtml-1.9.22.jar:D:\Projects\Ecafe-Automation\src\lib_Files\netty-3.5.7.Final.jar:D:\Projects\Ecafe-Automation\src\lib_Files\phantomjsdriver-1.2.1.jar:D:\Projects\Ecafe-Automation\src\lib_Files\poi-3.5-FINAL-20090928.jar:D:\Projects\Ecafe-Automation\src\lib_Files\sac-1.3.jar:D:\Projects\Ecafe-Automation\src\lib_Files\saxon-8.7.jar:D:\Projects\Ecafe-Automation\src\lib_Files\saxon8-dom.jar:D:\Projects\Ecafe-Automation\src\lib_Files\selenium-java-2.48.2-srcs.jar:D:\Projects\Ecafe-Automation\src\lib_Files\selenium-java-2.48.2.jar:D:\Projects\Ecafe-Automation\src\lib_Files\serializer-2.7.2.jar:D:\Projects\Ecafe-Automation\src\lib_Files\testng-6.9.6.jar:D:\Projects\Ecafe-Automation\src\lib_Files\websocket-api-9.2.13.v20150730.jar:D:\Projects\Ecafe-Automation\src\lib_Files\websocket-client-9.2.13.v20150730.jar:D:\Projects\Ecafe-Automation\src\lib_Files\websocket-common-9.2.13.v20150730.jar:D:\Projects\Ecafe-Automation\src\lib_Files\xalan-2.7.2.jar:D:\Projects\Ecafe-Automation\src\lib_Files\xercesImpl-2.11.0.jar:D:\Projects\Ecafe-Automation\src\lib_Files\xml-apis-1.4.01.jar
     [echo] compiling...
    [javac] eCafe_Config\Basedriver.java added as eCafe_Config\Basedriver.class doesn't exist.
    [javac] eCafe_Config\ReusableMethods.java added as eCafe_Config\ReusableMethods.class doesn't exist.
    [javac] eCafe_Config\Trigger.java added as eCafe_Config\Trigger.class doesn't exist.
    [javac] eCafe_DDF\ExcelLib.java added as eCafe_DDF\ExcelLib.class doesn't exist.
    [javac] D:\Projects\Ecafe-Automation\src\eCafe_DDF\ExpectedDatas.properties skipped - don't know how to handle it
    [javac] D:\Projects\Ecafe-Automation\src\eCafe_DDF\InputDatas.properties skipped - don't know how to handle it
    [javac] eCafe_DDF\XmlUtil.java added as eCafe_DDF\XmlUtil.class doesn't exist.
    [javac] eCafe_Objects\ObjDashBoard.java added as eCafe_Objects\ObjDashBoard.class doesn't exist.
    [javac] eCafe_Objects\ObjLoginPage.java added as eCafe_Objects\ObjLoginPage.class doesn't exist.
    [javac] eCafe_Objects\ObjLogoutPage.java added as eCafe_Objects\ObjLogoutPage.class doesn't exist.
    [javac] eCafe_Operations\OprDashBoard.java added as eCafe_Operations\OprDashBoard.class doesn't exist.
    [javac] eCafe_Operations\OprLoginPage.java added as eCafe_Operations\OprLoginPage.class doesn't exist.
    [javac] eCafe_Operations\OprLogoutPage.java added as eCafe_Operations\OprLogoutPage.class doesn't exist.
    [javac] ecafe_TestCases\ECafe_LoginTests.java added as ecafe_TestCases\ECafe_LoginTests.class doesn't exist.
    [javac] D:\Projects\Ecafe-Automation\src\lib_Files\SaxonLiaison.jar skipped - don't know how to handle it
    [javac] D:\Projects\Ecafe-Automation\src\lib_Files\activation.jar skipped - don't know how to handle it
    [javac] D:\Projects\Ecafe-Automation\src\lib_Files\ant-apache-log4j.jar skipped - don't know how to handle it
    [javac] D:\Projects\Ecafe-Automation\src\lib_Files\ant-javamail-1.9.4.jar skipped - don't know how to handle it
    [javac] D:\Projects\Ecafe-Automation\src\lib_Files\apache-mime4j-0.6.jar skipped - don't know how to handle it
    [javac] D:\Projects\Ecafe-Automation\src\lib_Files\bsh-1.3.0.jar skipped - don't know how to handle it
    [javac] D:\Projects\Ecafe-Automation\src\lib_Files\bsh-2.0b4.jar skipped - don't know how to handle it
    [javac] D:\Projects\Ecafe-Automation\src\lib_Files\cglib-nodep-2.1_3.jar skipped - don't know how to handle it
    [javac] D:\Projects\Ecafe-Automation\src\lib_Files\commons-codec-1.10.jar skipped - don't know how to handle it
    [javac] D:\Projects\Ecafe-Automation\src\lib_Files\commons-collections-3.2.1.jar skipped - don't know how to handle it
    [javac] D:\Projects\Ecafe-Automation\src\lib_Files\commons-el-1.0.jar skipped - don't know how to handle it
    [javac] D:\Projects\Ecafe-Automation\src\lib_Files\commons-exec-1.3.jar skipped - don't know how to handle it
    [javac] D:\Projects\Ecafe-Automation\src\lib_Files\commons-io-2.4.jar skipped - don't know how to handle it
    [javac] D:\Projects\Ecafe-Automation\src\lib_Files\commons-lang3-3.4.jar skipped - don't know how to handle it
    [javac] D:\Projects\Ecafe-Automation\src\lib_Files\commons-logging-1.1.3.jar skipped - don't know how to handle it
    [javac] D:\Projects\Ecafe-Automation\src\lib_Files\commons-logging-1.2.jar skipped - don't know how to handle it
    [javac] D:\Projects\Ecafe-Automation\src\lib_Files\cssparser-0.9.16.jar skipped - don't know how to handle it
    [javac] D:\Projects\Ecafe-Automation\src\lib_Files\gson-2.3.1.jar skipped - don't know how to handle it
    [javac] D:\Projects\Ecafe-Automation\src\lib_Files\guava-18.0.jar skipped - don't know how to handle it
    [javac] D:\Projects\Ecafe-Automation\src\lib_Files\hamcrest-core-1.3.jar skipped - don't know how to handle it
    [javac] D:\Projects\Ecafe-Automation\src\lib_Files\hamcrest-library-1.3.jar skipped - don't know how to handle it
    [javac] D:\Projects\Ecafe-Automation\src\lib_Files\htmlunit-2.17.jar skipped - don't know how to handle it
    [javac] D:\Projects\Ecafe-Automation\src\lib_Files\htmlunit-2.18.jar skipped - don't know how to handle it
    [javac] D:\Projects\Ecafe-Automation\src\lib_Files\htmlunit-core-js-2.17.jar skipped - don't know how to handle it
    [javac] D:\Projects\Ecafe-Automation\src\lib_Files\httpclient-4.4.1.jar skipped - don't know how to handle it
    [javac] D:\Projects\Ecafe-Automation\src\lib_Files\httpclient-4.5.1.jar skipped - don't know how to handle it
    [javac] D:\Projects\Ecafe-Automation\src\lib_Files\httpcore-4.4.1.jar skipped - don't know how to handle it
    [javac] D:\Projects\Ecafe-Automation\src\lib_Files\httpcore-4.4.3.jar skipped - don't know how to handle it
    [javac] D:\Projects\Ecafe-Automation\src\lib_Files\httpmime-4.4.1.jar skipped - don't know how to handle it
    [javac] D:\Projects\Ecafe-Automation\src\lib_Files\httpmime-4.5.jar skipped - don't know how to handle it
    [javac] D:\Projects\Ecafe-Automation\src\lib_Files\jasper-compiler-5.5.15.jar skipped - don't know how to handle it
    [javac] D:\Projects\Ecafe-Automation\src\lib_Files\jasper-compiler-jdt-5.5.15.jar skipped - don't know how to handle it
    [javac] D:\Projects\Ecafe-Automation\src\lib_Files\jasper-runtime-5.5.15.jar skipped - don't know how to handle it
    [javac] D:\Projects\Ecafe-Automation\src\lib_Files\javax.mail-1.4.4.jar skipped - don't know how to handle it
    [javac] D:\Projects\Ecafe-Automation\src\lib_Files\javax.servlet-api-3.1.0.jar skipped - don't know how to handle it
    [javac] D:\Projects\Ecafe-Automation\src\lib_Files\jcommander-1.29.jar skipped - don't know how to handle it
    [javac] D:\Projects\Ecafe-Automation\src\lib_Files\jcommander-1.48.jar skipped - don't know how to handle it
    [javac] D:\Projects\Ecafe-Automation\src\lib_Files\jetty-continuation-9.2.13.v20150730.jar skipped - don't know how to handle it
    [javac] D:\Projects\Ecafe-Automation\src\lib_Files\jetty-http-9.2.13.v20150730.jar skipped - don't know how to handle it
    [javac] D:\Projects\Ecafe-Automation\src\lib_Files\jetty-io-9.2.11.v20150529.jar skipped - don't know how to handle it
    [javac] D:\Projects\Ecafe-Automation\src\lib_Files\jetty-io-9.2.13.v20150730.jar skipped - don't know how to handle it
    [javac] D:\Projects\Ecafe-Automation\src\lib_Files\jetty-jmx-9.2.13.v20150730.jar skipped - don't know how to handle it
    [javac] D:\Projects\Ecafe-Automation\src\lib_Files\jetty-security-9.2.13.v20150730.jar skipped - don't know how to handle it
    [javac] D:\Projects\Ecafe-Automation\src\lib_Files\jetty-server-9.2.13.v20150730.jar skipped - don't know how to handle it
    [javac] D:\Projects\Ecafe-Automation\src\lib_Files\jetty-servlet-9.2.13.v20150730.jar skipped - don't know how to handle it
    [javac] D:\Projects\Ecafe-Automation\src\lib_Files\jetty-servlets-9.2.13.v20150730.jar skipped - don't know how to handle it
    [javac] D:\Projects\Ecafe-Automation\src\lib_Files\jetty-util-9.2.11.v20150529.jar skipped - don't know how to handle it
    [javac] D:\Projects\Ecafe-Automation\src\lib_Files\jetty-util-9.2.13.v20150730.jar skipped - don't know how to handle it
    [javac] D:\Projects\Ecafe-Automation\src\lib_Files\jna-4.1.0.jar skipped - don't know how to handle it
    [javac] D:\Projects\Ecafe-Automation\src\lib_Files\jna-platform-4.1.0.jar skipped - don't know how to handle it
    [javac] D:\Projects\Ecafe-Automation\src\lib_Files\jsp-api-2.0.jar skipped - don't know how to handle it
    [javac] D:\Projects\Ecafe-Automation\src\lib_Files\junit-4.12.jar skipped - don't know how to handle it
    [javac] D:\Projects\Ecafe-Automation\src\lib_Files\junit-dep-4.11.jar skipped - don't know how to handle it
    [javac] D:\Projects\Ecafe-Automation\src\lib_Files\jxl-2.6.12.jar skipped - don't know how to handle it
    [javac] D:\Projects\Ecafe-Automation\src\lib_Files\log4j-1.2.17.jar skipped - don't know how to handle it
    [javac] D:\Projects\Ecafe-Automation\src\lib_Files\mail.jar skipped - don't know how to handle it
    [javac] D:\Projects\Ecafe-Automation\src\lib_Files\nekohtml-1.9.22.jar skipped - don't know how to handle it
    [javac] D:\Projects\Ecafe-Automation\src\lib_Files\netty-3.5.7.Final.jar skipped - don't know how to handle it
    [javac] D:\Projects\Ecafe-Automation\src\lib_Files\phantomjsdriver-1.2.1.jar skipped - don't know how to handle it
    [javac] D:\Projects\Ecafe-Automation\src\lib_Files\poi-3.5-FINAL-20090928.jar skipped - don't know how to handle it
    [javac] D:\Projects\Ecafe-Automation\src\lib_Files\sac-1.3.jar skipped - don't know how to handle it
    [javac] D:\Projects\Ecafe-Automation\src\lib_Files\saxon-8.7.jar skipped - don't know how to handle it
    [javac] D:\Projects\Ecafe-Automation\src\lib_Files\saxon8-dom.jar skipped - don't know how to handle it
    [javac] D:\Projects\Ecafe-Automation\src\lib_Files\selenium-java-2.48.2-srcs.jar skipped - don't know how to handle it
    [javac] D:\Projects\Ecafe-Automation\src\lib_Files\selenium-java-2.48.2.jar skipped - don't know how to handle it
    [javac] D:\Projects\Ecafe-Automation\src\lib_Files\serializer-2.7.2.jar skipped - don't know how to handle it
    [javac] D:\Projects\Ecafe-Automation\src\lib_Files\testng-6.9.6.jar skipped - don't know how to handle it
    [javac] D:\Projects\Ecafe-Automation\src\lib_Files\websocket-api-9.2.13.v20150730.jar skipped - don't know how to handle it
    [javac] D:\Projects\Ecafe-Automation\src\lib_Files\websocket-client-9.2.13.v20150730.jar skipped - don't know how to handle it
    [javac] D:\Projects\Ecafe-Automation\src\lib_Files\websocket-common-9.2.13.v20150730.jar skipped - don't know how to handle it
    [javac] D:\Projects\Ecafe-Automation\src\lib_Files\xalan-2.7.2.jar skipped - don't know how to handle it
    [javac] D:\Projects\Ecafe-Automation\src\lib_Files\xercesImpl-2.11.0.jar skipped - don't know how to handle it
    [javac] D:\Projects\Ecafe-Automation\src\lib_Files\xml-apis-1.4.01.jar skipped - don't know how to handle it
    [javac] Compiling 12 source files to D:\Projects\Ecafe-Automation\build
    [javac] Using modern compiler
    [javac] 
    [javac]           WARNING
    [javac] 
    [javac] The -source switch defaults to 1.8 in JDK 1.8.
    [javac] If you specify -target 1.7 you now must also specify -source 1.7.
    [javac] Ant will implicitly add -source 1.7 for you.  Please change your build file.
    [javac] Compilation arguments:
'-d'
'D:\Projects\Ecafe-Automation\build'
'-classpath'
'D:\Projects\Ecafe-Automation\build;D:\Projects\Ecafe-Automation\src\lib_Files\SaxonLiaison.jar;D:\Projects\Ecafe-Automation\src\lib_Files\activation.jar;D:\Projects\Ecafe-Automation\src\lib_Files\ant-apache-log4j.jar;D:\Projects\Ecafe-Automation\src\lib_Files\ant-javamail-1.9.4.jar;D:\Projects\Ecafe-Automation\src\lib_Files\apache-mime4j-0.6.jar;D:\Projects\Ecafe-Automation\src\lib_Files\bsh-1.3.0.jar;D:\Projects\Ecafe-Automation\src\lib_Files\bsh-2.0b4.jar;D:\Projects\Ecafe-Automation\src\lib_Files\cglib-nodep-2.1_3.jar;D:\Projects\Ecafe-Automation\src\lib_Files\commons-codec-1.10.jar;D:\Projects\Ecafe-Automation\src\lib_Files\commons-collections-3.2.1.jar;D:\Projects\Ecafe-Automation\src\lib_Files\commons-el-1.0.jar;D:\Projects\Ecafe-Automation\src\lib_Files\commons-exec-1.3.jar;D:\Projects\Ecafe-Automation\src\lib_Files\commons-io-2.4.jar;D:\Projects\Ecafe-Automation\src\lib_Files\commons-lang3-3.4.jar;D:\Projects\Ecafe-Automation\src\lib_Files\commons-logging-1.1.3.jar;D:\Projects\Ecafe-Automation\src\lib_Files\commons-logging-1.2.jar;D:\Projects\Ecafe-Automation\src\lib_Files\cssparser-0.9.16.jar;D:\Projects\Ecafe-Automation\src\lib_Files\gson-2.3.1.jar;D:\Projects\Ecafe-Automation\src\lib_Files\guava-18.0.jar;D:\Projects\Ecafe-Automation\src\lib_Files\hamcrest-core-1.3.jar;D:\Projects\Ecafe-Automation\src\lib_Files\hamcrest-library-1.3.jar;D:\Projects\Ecafe-Automation\src\lib_Files\htmlunit-2.17.jar;D:\Projects\Ecafe-Automation\src\lib_Files\htmlunit-2.18.jar;D:\Projects\Ecafe-Automation\src\lib_Files\htmlunit-core-js-2.17.jar;D:\Projects\Ecafe-Automation\src\lib_Files\httpclient-4.4.1.jar;D:\Projects\Ecafe-Automation\src\lib_Files\httpclient-4.5.1.jar;D:\Projects\Ecafe-Automation\src\lib_Files\httpcore-4.4.1.jar;D:\Projects\Ecafe-Automation\src\lib_Files\httpcore-4.4.3.jar;D:\Projects\Ecafe-Automation\src\lib_Files\httpmime-4.4.1.jar;D:\Projects\Ecafe-Automation\src\lib_Files\httpmime-4.5.jar;D:\Projects\Ecafe-Automation\src\lib_Files\jasper-compiler-5.5.15.jar;D:\Projects\Ecafe-Automation\src\lib_Files\jasper-compiler-jdt-5.5.15.jar;D:\Projects\Ecafe-Automation\src\lib_Files\jasper-runtime-5.5.15.jar;D:\Projects\Ecafe-Automation\src\lib_Files\javax.mail-1.4.4.jar;D:\Projects\Ecafe-Automation\src\lib_Files\javax.servlet-api-3.1.0.jar;D:\Projects\Ecafe-Automation\src\lib_Files\jcommander-1.29.jar;D:\Projects\Ecafe-Automation\src\lib_Files\jcommander-1.48.jar;D:\Projects\Ecafe-Automation\src\lib_Files\jetty-continuation-9.2.13.v20150730.jar;D:\Projects\Ecafe-Automation\src\lib_Files\jetty-http-9.2.13.v20150730.jar;D:\Projects\Ecafe-Automation\src\lib_Files\jetty-io-9.2.11.v20150529.jar;D:\Projects\Ecafe-Automation\src\lib_Files\jetty-io-9.2.13.v20150730.jar;D:\Projects\Ecafe-Automation\src\lib_Files\jetty-jmx-9.2.13.v20150730.jar;D:\Projects\Ecafe-Automation\src\lib_Files\jetty-security-9.2.13.v20150730.jar;D:\Projects\Ecafe-Automation\src\lib_Files\jetty-server-9.2.13.v20150730.jar;D:\Projects\Ecafe-Automation\src\lib_Files\jetty-servlet-9.2.13.v20150730.jar;D:\Projects\Ecafe-Automation\src\lib_Files\jetty-servlets-9.2.13.v20150730.jar;D:\Projects\Ecafe-Automation\src\lib_Files\jetty-util-9.2.11.v20150529.jar;D:\Projects\Ecafe-Automation\src\lib_Files\jetty-util-9.2.13.v20150730.jar;D:\Projects\Ecafe-Automation\src\lib_Files\jna-4.1.0.jar;D:\Projects\Ecafe-Automation\src\lib_Files\jna-platform-4.1.0.jar;D:\Projects\Ecafe-Automation\src\lib_Files\jsp-api-2.0.jar;D:\Projects\Ecafe-Automation\src\lib_Files\junit-4.12.jar;D:\Projects\Ecafe-Automation\src\lib_Files\junit-dep-4.11.jar;D:\Projects\Ecafe-Automation\src\lib_Files\jxl-2.6.12.jar;D:\Projects\Ecafe-Automation\src\lib_Files\log4j-1.2.17.jar;D:\Projects\Ecafe-Automation\src\lib_Files\mail.jar;D:\Projects\Ecafe-Automation\src\lib_Files\nekohtml-1.9.22.jar;D:\Projects\Ecafe-Automation\src\lib_Files\netty-3.5.7.Final.jar;D:\Projects\Ecafe-Automation\src\lib_Files\phantomjsdriver-1.2.1.jar;D:\Projects\Ecafe-Automation\src\lib_Files\poi-3.5-FINAL-20090928.jar;D:\Projects\Ecafe-Automation\src\lib_Files\sac-1.3.jar;D:\Projects\Ecafe-Automation\src\lib_Files\saxon-8.7.jar;D:\Projects\Ecafe-Automation\src\lib_Files\saxon8-dom.jar;D:\Projects\Ecafe-Automation\src\lib_Files\selenium-java-2.48.2-srcs.jar;D:\Projects\Ecafe-Automation\src\lib_Files\selenium-java-2.48.2.jar;D:\Projects\Ecafe-Automation\src\lib_Files\serializer-2.7.2.jar;D:\Projects\Ecafe-Automation\src\lib_Files\testng-6.9.6.jar;D:\Projects\Ecafe-Automation\src\lib_Files\websocket-api-9.2.13.v20150730.jar;D:\Projects\Ecafe-Automation\src\lib_Files\websocket-client-9.2.13.v20150730.jar;D:\Projects\Ecafe-Automation\src\lib_Files\websocket-common-9.2.13.v20150730.jar;D:\Projects\Ecafe-Automation\src\lib_Files\xalan-2.7.2.jar;D:\Projects\Ecafe-Automation\src\lib_Files\xercesImpl-2.11.0.jar;D:\Projects\Ecafe-Automation\src\lib_Files\xml-apis-1.4.01.jar'
'-sourcepath'
'D:\Projects\Ecafe-Automation\src'
'-target'
'1.7'
'-g'
'-source'
'1.7'

The ' characters around the executable and arguments are
not part of the command.
    [javac] Files to be compiled:
    D:\Projects\Ecafe-Automation\src\eCafe_Config\Basedriver.java
    D:\Projects\Ecafe-Automation\src\eCafe_Config\ReusableMethods.java
    D:\Projects\Ecafe-Automation\src\eCafe_Config\Trigger.java
    D:\Projects\Ecafe-Automation\src\eCafe_DDF\ExcelLib.java
    D:\Projects\Ecafe-Automation\src\eCafe_DDF\XmlUtil.java
    D:\Projects\Ecafe-Automation\src\eCafe_Objects\ObjDashBoard.java
    D:\Projects\Ecafe-Automation\src\eCafe_Objects\ObjLoginPage.java
    D:\Projects\Ecafe-Automation\src\eCafe_Objects\ObjLogoutPage.java
    D:\Projects\Ecafe-Automation\src\eCafe_Operations\OprDashBoard.java
    D:\Projects\Ecafe-Automation\src\eCafe_Operations\OprLoginPage.java
    D:\Projects\Ecafe-Automation\src\eCafe_Operations\OprLogoutPage.java
    D:\Projects\Ecafe-Automation\src\ecafe_TestCases\ECafe_LoginTests.java
    [javac] warning: [options] bootstrap class path not set in conjunction with -source 1.7
    [javac] Note: D:\Projects\Ecafe-Automation\src\eCafe_DDF\ExcelLib.java uses unchecked or unsafe operations.
    [javac] Note: Recompile with -Xlint:unchecked for details.
    [javac] 1 warning
     [java] running eCafe_Config.Trigger with default permissions (exit forbidden)
     [java] Running in same VM Executing 'eCafe_Config.Trigger'
The ' characters around the executable and arguments are
not part of the command.
compile:  duration 1 second

run:
   [testng] Executing 'C:\Program Files\Java\jre1.8.0_91\bin\java.exe' with arguments:
'-ea'
'-classpath'
'D:\Projects\Ecafe-Automation\src\lib_Files\SaxonLiaison.jar;D:\Projects\Ecafe-Automation\src\lib_Files\activation.jar;D:\Projects\Ecafe-Automation\src\lib_Files\ant-apache-log4j.jar;D:\Projects\Ecafe-Automation\src\lib_Files\ant-javamail-1.9.4.jar;D:\Projects\Ecafe-Automation\src\lib_Files\apache-mime4j-0.6.jar;D:\Projects\Ecafe-Automation\src\lib_Files\bsh-1.3.0.jar;D:\Projects\Ecafe-Automation\src\lib_Files\bsh-2.0b4.jar;D:\Projects\Ecafe-Automation\src\lib_Files\cglib-nodep-2.1_3.jar;D:\Projects\Ecafe-Automation\src\lib_Files\commons-codec-1.10.jar;D:\Projects\Ecafe-Automation\src\lib_Files\commons-collections-3.2.1.jar;D:\Projects\Ecafe-Automation\src\lib_Files\commons-el-1.0.jar;D:\Projects\Ecafe-Automation\src\lib_Files\commons-exec-1.3.jar;D:\Projects\Ecafe-Automation\src\lib_Files\commons-io-2.4.jar;D:\Projects\Ecafe-Automation\src\lib_Files\commons-lang3-3.4.jar;D:\Projects\Ecafe-Automation\src\lib_Files\commons-logging-1.1.3.jar;D:\Projects\Ecafe-Automation\src\lib_Files\commons-logging-1.2.jar;D:\Projects\Ecafe-Automation\src\lib_Files\cssparser-0.9.16.jar;D:\Projects\Ecafe-Automation\src\lib_Files\gson-2.3.1.jar;D:\Projects\Ecafe-Automation\src\lib_Files\guava-18.0.jar;D:\Projects\Ecafe-Automation\src\lib_Files\hamcrest-core-1.3.jar;D:\Projects\Ecafe-Automation\src\lib_Files\hamcrest-library-1.3.jar;D:\Projects\Ecafe-Automation\src\lib_Files\htmlunit-2.17.jar;D:\Projects\Ecafe-Automation\src\lib_Files\htmlunit-2.18.jar;D:\Projects\Ecafe-Automation\src\lib_Files\htmlunit-core-js-2.17.jar;D:\Projects\Ecafe-Automation\src\lib_Files\httpclient-4.4.1.jar;D:\Projects\Ecafe-Automation\src\lib_Files\httpclient-4.5.1.jar;D:\Projects\Ecafe-Automation\src\lib_Files\httpcore-4.4.1.jar;D:\Projects\Ecafe-Automation\src\lib_Files\httpcore-4.4.3.jar;D:\Projects\Ecafe-Automation\src\lib_Files\httpmime-4.4.1.jar;D:\Projects\Ecafe-Automation\src\lib_Files\httpmime-4.5.jar;D:\Projects\Ecafe-Automation\src\lib_Files\jasper-compiler-5.5.15.jar;D:\Projects\Ecafe-Automation\src\lib_Files\jasper-compiler-jdt-5.5.15.jar;D:\Projects\Ecafe-Automation\src\lib_Files\jasper-runtime-5.5.15.jar;D:\Projects\Ecafe-Automation\src\lib_Files\javax.mail-1.4.4.jar;D:\Projects\Ecafe-Automation\src\lib_Files\javax.servlet-api-3.1.0.jar;D:\Projects\Ecafe-Automation\src\lib_Files\jcommander-1.29.jar;D:\Projects\Ecafe-Automation\src\lib_Files\jcommander-1.48.jar;D:\Projects\Ecafe-Automation\src\lib_Files\jetty-continuation-9.2.13.v20150730.jar;D:\Projects\Ecafe-Automation\src\lib_Files\jetty-http-9.2.13.v20150730.jar;D:\Projects\Ecafe-Automation\src\lib_Files\jetty-io-9.2.11.v20150529.jar;D:\Projects\Ecafe-Automation\src\lib_Files\jetty-io-9.2.13.v20150730.jar;D:\Projects\Ecafe-Automation\src\lib_Files\jetty-jmx-9.2.13.v20150730.jar;D:\Projects\Ecafe-Automation\src\lib_Files\jetty-security-9.2.13.v20150730.jar;D:\Projects\Ecafe-Automation\src\lib_Files\jetty-server-9.2.13.v20150730.jar;D:\Projects\Ecafe-Automation\src\lib_Files\jetty-servlet-9.2.13.v20150730.jar;D:\Projects\Ecafe-Automation\src\lib_Files\jetty-servlets-9.2.13.v20150730.jar;D:\Projects\Ecafe-Automation\src\lib_Files\jetty-util-9.2.11.v20150529.jar;D:\Projects\Ecafe-Automation\src\lib_Files\jetty-util-9.2.13.v20150730.jar;D:\Projects\Ecafe-Automation\src\lib_Files\jna-4.1.0.jar;D:\Projects\Ecafe-Automation\src\lib_Files\jna-platform-4.1.0.jar;D:\Projects\Ecafe-Automation\src\lib_Files\jsp-api-2.0.jar;D:\Projects\Ecafe-Automation\src\lib_Files\junit-4.12.jar;D:\Projects\Ecafe-Automation\src\lib_Files\junit-dep-4.11.jar;D:\Projects\Ecafe-Automation\src\lib_Files\jxl-2.6.12.jar;D:\Projects\Ecafe-Automation\src\lib_Files\log4j-1.2.17.jar;D:\Projects\Ecafe-Automation\src\lib_Files\mail.jar;D:\Projects\Ecafe-Automation\src\lib_Files\nekohtml-1.9.22.jar;D:\Projects\Ecafe-Automation\src\lib_Files\netty-3.5.7.Final.jar;D:\Projects\Ecafe-Automation\src\lib_Files\phantomjsdriver-1.2.1.jar;D:\Projects\Ecafe-Automation\src\lib_Files\poi-3.5-FINAL-20090928.jar;D:\Projects\Ecafe-Automation\src\lib_Files\sac-1.3.jar;D:\Projects\Ecafe-Automation\src\lib_Files\saxon-8.7.jar;D:\Projects\Ecafe-Automation\src\lib_Files\saxon8-dom.jar;D:\Projects\Ecafe-Automation\src\lib_Files\selenium-java-2.48.2-srcs.jar;D:\Projects\Ecafe-Automation\src\lib_Files\selenium-java-2.48.2.jar;D:\Projects\Ecafe-Automation\src\lib_Files\serializer-2.7.2.jar;D:\Projects\Ecafe-Automation\src\lib_Files\testng-6.9.6.jar;D:\Projects\Ecafe-Automation\src\lib_Files\websocket-api-9.2.13.v20150730.jar;D:\Projects\Ecafe-Automation\src\lib_Files\websocket-client-9.2.13.v20150730.jar;D:\Projects\Ecafe-Automation\src\lib_Files\websocket-common-9.2.13.v20150730.jar;D:\Projects\Ecafe-Automation\src\lib_Files\xalan-2.7.2.jar;D:\Projects\Ecafe-Automation\src\lib_Files\xercesImpl-2.11.0.jar;D:\Projects\Ecafe-Automation\src\lib_Files\xml-apis-1.4.01.jar;D:\Projects\Ecafe-Automation\build'
'org.testng.TestNG'
'@C:\Users\Ramkumar\AppData\Local\Temp\testng7475525097049402256'

The ' characters around the executable and arguments are
not part of the command.
   [testng] [TestNG] Running:
   [testng]   D:\Projects\Ecafe-Automation\Switches\testng.xml
   [testng] 
   [testng] Starting ChromeDriver 2.22.397933 (1cab651507b88dec79b2b2a22d1943c01833cc1b) on port 61576
   [testng] Only local connections are allowed.
   [testng] 
   [testng] ===============================================
   [testng] SeleniumJavaFramework
   [testng] Total tests run: 1, Failures: 0, Skips: 0
   [testng] ===============================================
   [testng] 
run:  duration 20 seconds

BUILD SUCCESSFUL
